This is pdfTeX, Version 3.14159265-2.6-1.40.19 (TeX Live 2018) (preloaded format=pdflatex 2019.1.21)  19 FEB 2019 16:22
entering extended mode
 restricted \write18 enabled.
 file:line:error style messages enabled.
 %&-line parsing enabled.
**\nonstopmode\input{root.tex}
(./root.tex (/usr/share/texlive/texmf-dist/tex/latex/base/article.cls
Document Class: article 2014/09/29 v1.4h Standard LaTeX document class
(/usr/share/texlive/texmf-dist/tex/latex/base/size11.clo
File: size11.clo 2014/09/29 v1.4h Standard LaTeX file (size option)
)
\c@part=\count80
\c@section=\count81
\c@subsection=\count82
\c@subsubsection=\count83
\c@paragraph=\count84
\c@subparagraph=\count85
\c@figure=\count86
\c@table=\count87
\abovecaptionskip=\skip41
\belowcaptionskip=\skip42
\bibindent=\dimen102
) (./isabelle.sty
\isa@parindent=\dimen103
\isa@parskip=\dimen104

(/usr/share/texlive/texmf-dist/tex/generic/ulem/ulem.sty
\UL@box=\box26
\UL@hyphenbox=\box27
\UL@skip=\skip43
\UL@hook=\toks14
\UL@height=\dimen105
\UL@pe=\count88
\UL@pixel=\dimen106
\ULC@box=\box28
Package: ulem 2012/05/18
\ULdepth=\dimen107
) (./comment.sty
\CommentStream=\write3

Excluding comment 'comment') Including comment 'isadelimdocument'
Including comment 'isatagdocument' Including comment 'isadelimtheory'
Including comment 'isatagtheory' Including comment 'isadelimproof'
Including comment 'isatagproof' Including comment 'isadelimML'
Including comment 'isatagML' Including comment 'isadelimvisible'
Including comment 'isatagvisible' Excluding comment 'isadeliminvisible'
Excluding comment 'isataginvisible' Including comment 'isadelimimportant'
Including comment 'isatagimportant' Including comment 'isadelimunimportant'
Including comment 'isatagunimportant') (./isabelletags.sty) (./isabellesym.sty)
(./pdfsetup.sty (/usr/share/texlive/texmf-dist/tex/latex/graphics/color.sty
Package: color 2016/07/10 v1.1e Standard LaTeX Color (DPC)

(/usr/share/texlive/texmf-dist/tex/latex/graphics-cfg/color.cfg
File: color.cfg 2016/01/02 v1.6 sample color configuration
)
Package color Info: Driver file: pdftex.def on input line 147.

(/usr/share/texlive/texmf-dist/tex/latex/graphics-def/pdftex.def
File: pdftex.def 2018/01/08 v1.0l Graphics/color driver for pdftex
)))
(/usr/share/texlive/texmf-dist/tex/latex/hyperref/hyperref.sty
Package: hyperref 2018/02/06 v6.86b Hypertext links for LaTeX

(/usr/share/texlive/texmf-dist/tex/generic/oberdiek/hobsub-hyperref.sty
Package: hobsub-hyperref 2016/05/16 v1.14 Bundle oberdiek, subset hyperref (HO)


(/usr/share/texlive/texmf-dist/tex/generic/oberdiek/hobsub-generic.sty
Package: hobsub-generic 2016/05/16 v1.14 Bundle oberdiek, subset generic (HO)
Package: hobsub 2016/05/16 v1.14 Construct package bundles (HO)
Package: infwarerr 2016/05/16 v1.4 Providing info/warning/error messages (HO)
Package: ltxcmds 2016/05/16 v1.23 LaTeX kernel commands for general use (HO)
Package: ifluatex 2016/05/16 v1.4 Provides the ifluatex switch (HO)
Package ifluatex Info: LuaTeX not detected.
Package: ifvtex 2016/05/16 v1.6 Detect VTeX and its facilities (HO)
Package ifvtex Info: VTeX not detected.
Package: intcalc 2016/05/16 v1.2 Expandable calculations with integers (HO)
Package: ifpdf 2017/03/15 v3.2 Provides the ifpdf switch
Package: etexcmds 2016/05/16 v1.6 Avoid name clashes with e-TeX commands (HO)
Package etexcmds Info: Could not find \expanded.
(etexcmds)             That can mean that you are not using pdfTeX 1.50 or
(etexcmds)             that some package has redefined \expanded.
(etexcmds)             In the latter case, load this package earlier.
Package: kvsetkeys 2016/05/16 v1.17 Key value parser (HO)
Package: kvdefinekeys 2016/05/16 v1.4 Define keys (HO)
Package: pdftexcmds 2018/01/30 v0.27 Utility functions of pdfTeX for LuaTeX (HO
)
Package pdftexcmds Info: LuaTeX not detected.
Package pdftexcmds Info: \pdf@primitive is available.
Package pdftexcmds Info: \pdf@ifprimitive is available.
Package pdftexcmds Info: \pdfdraftmode found.
Package: pdfescape 2016/05/16 v1.14 Implements pdfTeX's escape features (HO)
Package: bigintcalc 2016/05/16 v1.4 Expandable calculations on big integers (HO
)
Package: bitset 2016/05/16 v1.2 Handle bit-vector datatype (HO)
Package: uniquecounter 2016/05/16 v1.3 Provide unlimited unique counter (HO)
)
Package hobsub Info: Skipping package `hobsub' (already loaded).
Package: letltxmacro 2016/05/16 v1.5 Let assignment for LaTeX macros (HO)
Package: hopatch 2016/05/16 v1.3 Wrapper for package hooks (HO)
Package: xcolor-patch 2016/05/16 xcolor patch
Package: atveryend 2016/05/16 v1.9 Hooks at the very end of document (HO)
Package atveryend Info: \enddocument detected (standard20110627).
Package: atbegshi 2016/06/09 v1.18 At begin shipout hook (HO)
Package: refcount 2016/05/16 v3.5 Data extraction from label references (HO)
Package: hycolor 2016/05/16 v1.8 Color options for hyperref/bookmark (HO)
)
(/usr/share/texlive/texmf-dist/tex/latex/graphics/keyval.sty
Package: keyval 2014/10/28 v1.15 key=value parser (DPC)
\KV@toks@=\toks15
)
(/usr/share/texlive/texmf-dist/tex/generic/ifxetex/ifxetex.sty
Package: ifxetex 2010/09/12 v0.6 Provides ifxetex conditional
)
(/usr/share/texlive/texmf-dist/tex/latex/oberdiek/auxhook.sty
Package: auxhook 2016/05/16 v1.4 Hooks for auxiliary files (HO)
)
(/usr/share/texlive/texmf-dist/tex/latex/oberdiek/kvoptions.sty
Package: kvoptions 2016/05/16 v3.12 Key value format for package options (HO)
)
\@linkdim=\dimen108
\Hy@linkcounter=\count89
\Hy@pagecounter=\count90

(/usr/share/texlive/texmf-dist/tex/latex/hyperref/pd1enc.def
File: pd1enc.def 2018/02/06 v6.86b Hyperref: PDFDocEncoding definition (HO)
Now handling font encoding PD1 ...
... no UTF-8 mapping file for font encoding PD1
)
\Hy@SavedSpaceFactor=\count91

(/usr/share/texlive/texmf-dist/tex/latex/latexconfig/hyperref.cfg
File: hyperref.cfg 2002/06/06 v1.2 hyperref configuration of TeXLive
)
Package hyperref Info: Option `colorlinks' set `true' on input line 4383.
Package hyperref Info: Option `pdfpagelabels' set `true' on input line 4383.
Package hyperref Info: Hyper figures OFF on input line 4509.
Package hyperref Info: Link nesting OFF on input line 4514.
Package hyperref Info: Hyper index ON on input line 4517.
Package hyperref Info: Plain pages OFF on input line 4524.
Package hyperref Info: Backreferencing OFF on input line 4529.
Package hyperref Info: Implicit mode ON; LaTeX internals redefined.
Package hyperref Info: Bookmarks ON on input line 4762.
\c@Hy@tempcnt=\count92

(/usr/share/texlive/texmf-dist/tex/latex/url/url.sty
\Urlmuskip=\muskip10
Package: url 2013/09/16  ver 3.4  Verb mode for urls, etc.
)
LaTeX Info: Redefining \url on input line 5115.
\XeTeXLinkMargin=\dimen109
\Fld@menulength=\count93
\Field@Width=\dimen110
\Fld@charsize=\dimen111
Package hyperref Info: Hyper figures OFF on input line 6369.
Package hyperref Info: Link nesting OFF on input line 6374.
Package hyperref Info: Hyper index ON on input line 6377.
Package hyperref Info: backreferencing OFF on input line 6384.
Package hyperref Info: Link coloring ON on input line 6387.
Package hyperref Info: Link coloring with OCG OFF on input line 6394.
Package hyperref Info: PDF/A mode OFF on input line 6399.
LaTeX Info: Redefining \ref on input line 6439.
LaTeX Info: Redefining \pageref on input line 6443.
\Hy@abspage=\count94
\c@Item=\count95
\c@Hfootnote=\count96
)
Package hyperref Info: Driver (autodetected): hpdftex.

(/usr/share/texlive/texmf-dist/tex/latex/hyperref/hpdftex.def
File: hpdftex.def 2018/02/06 v6.86b Hyperref driver for pdfTeX
\Fld@listcount=\count97
\c@bookmark@seq@number=\count98

(/usr/share/texlive/texmf-dist/tex/latex/oberdiek/rerunfilecheck.sty
Package: rerunfilecheck 2016/05/16 v1.8 Rerun checks for auxiliary files (HO)
Package uniquecounter Info: New unique counter `rerunfilecheck' on input line 2
82.
)
\Hy@SectionHShift=\skip44
)
(./root.aux)
\openout1 = `root.aux'.

LaTeX Font Info:    Checking defaults for OML/cmm/m/it on input line 36.
LaTeX Font Info:    ... okay on input line 36.
LaTeX Font Info:    Checking defaults for T1/cmr/m/n on input line 36.
LaTeX Font Info:    ... okay on input line 36.
LaTeX Font Info:    Checking defaults for OT1/cmr/m/n on input line 36.
LaTeX Font Info:    ... okay on input line 36.
LaTeX Font Info:    Checking defaults for OMS/cmsy/m/n on input line 36.
LaTeX Font Info:    ... okay on input line 36.
LaTeX Font Info:    Checking defaults for OMX/cmex/m/n on input line 36.
LaTeX Font Info:    ... okay on input line 36.
LaTeX Font Info:    Checking defaults for U/cmr/m/n on input line 36.
LaTeX Font Info:    ... okay on input line 36.
LaTeX Font Info:    Checking defaults for PD1/pdf/m/n on input line 36.
LaTeX Font Info:    ... okay on input line 36.
 (/usr/share/texlive/texmf-dist/tex/context/base/mkii/supp-pdf.mkii
[Loading MPS to PDF converter (version 2006.09.02).]
\scratchcounter=\count99
\scratchdimen=\dimen112
\scratchbox=\box29
\nofMPsegments=\count100
\nofMParguments=\count101
\everyMPshowfont=\toks16
\MPscratchCnt=\count102
\MPscratchDim=\dimen113
\MPnumerator=\count103
\makeMPintoPDFobject=\count104
\everyMPtoPDFconversion=\toks17
)
\AtBeginShipoutBox=\box30
Package hyperref Info: Link coloring ON on input line 36.
 (/usr/share/texlive/texmf-dist/tex/latex/hyperref/nameref.sty
Package: nameref 2016/05/21 v2.44 Cross-referencing by name of section

(/usr/share/texlive/texmf-dist/tex/generic/oberdiek/gettitlestring.sty
Package: gettitlestring 2016/05/16 v1.5 Cleanup title references (HO)
)
\c@section@level=\count105
)
LaTeX Info: Redefining \ref on input line 36.
LaTeX Info: Redefining \pageref on input line 36.
LaTeX Info: Redefining \nameref on input line 36.

(./root.out) (./root.out)
\@outlinefile=\write4
\openout4 = `root.out'.

LaTeX Font Info:    External font `cmex10' loaded for size
(Font)              <12> on input line 41.
LaTeX Font Info:    External font `cmex10' loaded for size
(Font)              <8> on input line 41.
LaTeX Font Info:    External font `cmex10' loaded for size
(Font)              <6> on input line 41.
 (./root.toc)
\tf@toc=\write5
\openout5 = `root.toc'.

 (./session.tex
(./Restricted_Predicates.tex) (./CBCCasper.tex
LaTeX Font Info:    External font `cmex10' loaded for size
(Font)              <7> on input line 30.
LaTeX Font Info:    External font `cmex10' loaded for size
(Font)              <5> on input line 30.
 [1

{/usr/share/texlive/texmf-dist/fonts/map/pdftex/updmap/pdftex.map}] [2]
Overfull \hbox (28.52122pt too wide) in paragraph at lines 176--178
[][]    \OT1/cmr/bx/n/10 ap-ply $\OT1/cmr/m/n/10 ($\OT1/cmr/m/it/10 metis Mi[]s
ubset[]to[]$\OT1/cmr/m/n/10 ^^F$\OT1/cmr/m/it/10 i Suc[]eq[]plus1 $\OT1/cmr/m/n
/10 ^^F$\OT1/cmr/m/it/10 i[]subset[]to[]Mi add$\OML/cmm/m/it/10 :$\OT1/cmr/m/it
/10 commute add[]2[]eq[]Suc$\OT1/cmr/m/n/10 )$[] 
 []


Overfull \hbox (0.34634pt too wide) in paragraph at lines 295--308
[][]    \OT1/cmr/bx/n/10 by $\OT1/cmr/m/n/10 ($\OT1/cmr/m/it/10 smt Mi[]monoton
ic Suc[]diff[]Suc add[]leE diff[]add diff[]le[]self message[]is[]in[]M[]i
 []

[3] [4] [5] [6]
Overfull \hbox (10.08217pt too wide) in paragraph at lines 897--911
[][]  \OT1/cmr/bx/n/10 us-ing \OT1/cmr/m/it/10 Params$\OML/cmm/m/it/10 :$\OT1/c
mr/m/it/10 M[]type Protocol[]axioms observed[]def state[]is[]subset[]of[]M \OT1
/cmr/bx/n/10 by \OT1/cmr/m/it/10 fastforce[] 
 []

[7]
Overfull \hbox (32.01114pt too wide) in paragraph at lines 971--984
[][]  \OT1/cmr/bx/n/10 by $\OT1/cmr/m/n/10 ($\OT1/cmr/m/it/10 smt Collect[]cong
 Params$\OML/cmm/m/it/10 :$\OT1/cmr/m/it/10 equivocating[]validators[]paper[]de
f equivocating[]validators[]def
 []


Overfull \hbox (20.52109pt too wide) in paragraph at lines 1048--1055
[][]  \OT1/cmr/bx/n/10 by $\OT1/cmr/m/n/10 ($\OT1/cmr/m/it/10 meson Params$\OML
/cmm/m/it/10 :$\OT1/cmr/m/it/10 M[]type Params$\OML/cmm/m/it/10 :$\OT1/cmr/m/it
/10 state[]is[]in[]pow[]M[]i Protocol[]axioms contra[]subsetD
 []

[8]
Overfull \hbox (63.3457pt too wide) in paragraph at lines 1174--1187
[][]  \OT1/cmr/bx/n/10 by $\OT1/cmr/m/n/10 ($\OT1/cmr/m/it/10 metis M[]type irr
eflexivity[]of[]justifications irreflp[]on[]def justified[]def message[]in[]sta
te[]is[]valid
 []

[9] [10]
Overfull \hbox (75.74925pt too wide) in paragraph at lines 1348--1351
[][]    \OT1/cmr/bx/n/10 us-ing []$\OMS/cmsy/m/n/10 8 $\OT1/cmr/m/it/10 i$\OML/
cmm/m/it/10 :$ \OT1/cmr/m/it/10 f i $\OMS/cmsy/m/n/10 2$ \OT1/cmr/m/it/10 M $\O
MS/cmsy/m/n/10 ^$ \OT1/cmr/m/it/10 jus-ti-fied $\OT1/cmr/m/n/10 ($\OT1/cmr/m/it
/10 f $\OT1/cmr/m/n/10 ($\OT1/cmr/m/it/10 Suc i$\OT1/cmr/m/n/10 )$$)$ $($\OT1/c
mr/m/it/10 f i$\OT1/cmr/m/n/10 )$[] \OT1/cmr/bx/n/10 by $\OT1/cmr/m/n/10 ($\OT1
/cmr/m/it/10 simp add$\OT1/cmr/m/n/10 :$ \OT1/cmr/m/it/10 monotonicity[]of[]car
d[]of[]justification$\OT1/cmr/m/n/10 )$[] 
 []


Overfull \hbox (6.63387pt too wide) in paragraph at lines 1373--1375
[][]    \OT1/cmr/bx/n/10 by $\OT1/cmr/m/n/10 ($\OT1/cmr/m/it/10 metis []$\OMS/c
msy/m/n/10 8 $\OT1/cmr/m/it/10 i$\OML/cmm/m/it/10 :$ \OT1/cmr/m/it/10 f i $\OMS
/cmsy/m/n/10 2$ \OT1/cmr/m/it/10 M $\OMS/cmsy/m/n/10 ^$ \OT1/cmr/m/it/10 jus-ti
-fied $\OT1/cmr/m/n/10 ($\OT1/cmr/m/it/10 f $\OT1/cmr/m/n/10 ($\OT1/cmr/m/it/10
 Suc i$\OT1/cmr/m/n/10 )$$)$ $($\OT1/cmr/m/it/10 f i$\OT1/cmr/m/n/10 )$[] \OT1/
cmr/m/it/10 add$\OML/cmm/m/it/10 :$\OT1/cmr/m/it/10 right[]neutral add[]Suc[]ri
ght$\OT1/cmr/m/n/10 )$[] 
 []


Overfull \hbox (3.42763pt too wide) in paragraph at lines 1388--1401
[][]  \OT1/cmr/bx/n/10 by $\OT1/cmr/m/n/10 ($\OT1/cmr/m/it/10 metis justificati
on[]is[]well[]founded[]on[]M wfp[]on[]imp[]has[]min[]elt wfp[]on[]mono$\OT1/cmr
/m/n/10 )$[] 
 []

) (./ConsensusSafety.tex [11] [12]
Overfull \hbox (15.813pt too wide) in paragraph at lines 183--184
[][]  $[][]\OMS/cmsy/m/n/10 !$ $:$$\OT1/cmr/m/n/10 ($\OT1/cmr/m/it/10 state[]pr
operty[]is[]decided $\OT1/cmr/m/n/10 ($\OT1/cmr/m/it/10 p$\OML/cmm/m/it/10 ;$ $
^^[$\OT1/cmr/m/it/10 1$\OT1/cmr/m/n/10 )$ $\OMS/cmsy/m/n/10 ^$ \OT1/cmr/m/it/10
 state[]property[]is[]decided $\OT1/cmr/m/n/10 ($\OT1/cmr/m/it/10 state[]proper
ty[]not
 []


Overfull \hbox (37.89784pt too wide) in paragraph at lines 259--261
[][]  \OT1/cmr/bx/n/10 hence $\OMS/cmsy/m/n/10 9 $$\OML/cmm/m/it/10 ^^[$$\OMS/c
msy/m/n/10 2$$\OT1/cmr/m/n/10 ^^F$\OT1/cmr/m/it/10 t$\OML/cmm/m/it/10 :$ $\OMS/
cmsy/m/n/10 8 $\OT1/cmr/m/it/10 s$\OMS/cmsy/m/n/10 2$$\OML/cmm/m/it/10 ^^[$[]\O
T1/cmr/m/it/10 set$\OML/cmm/m/it/10 :$ $\OT1/cmr/m/n/10 ($$\OMS/cmsy/m/n/10 8 $
\OT1/cmr/m/it/10 p$\OML/cmm/m/it/10 :$ \OT1/cmr/m/it/10 state[]property[]is[]de
cided $\OT1/cmr/m/n/10 ($\OT1/cmr/m/it/10 p$\OML/cmm/m/it/10 ;$\OT1/cmr/m/it/10
 s$\OT1/cmr/m/n/10 )$ $[][]\OMS/cmsy/m/n/10 !$ \OT1/cmr/m/it/10 state[]property
[]is[]decided
 []


Overfull \hbox (8.0555pt too wide) in paragraph at lines 263--265
[][]  \OT1/cmr/bx/n/10 hence $\OMS/cmsy/m/n/10 9 $$\OML/cmm/m/it/10 ^^[$$\OMS/c
msy/m/n/10 2$$\OT1/cmr/m/n/10 ^^F$\OT1/cmr/m/it/10 t$\OML/cmm/m/it/10 :$ $\OMS/
cmsy/m/n/10 8 $\OT1/cmr/m/it/10 s$\OMS/cmsy/m/n/10 2$$\OML/cmm/m/it/10 ^^[$[]\O
T1/cmr/m/it/10 set$\OML/cmm/m/it/10 :$ $\OT1/cmr/m/n/10 ($$\OMS/cmsy/m/n/10 8 $
\OT1/cmr/m/it/10 p $\OMS/cmsy/m/n/10 2$ \OT1/cmr/m/it/10 state[]property[]decis
ions s$\OML/cmm/m/it/10 :$ \OT1/cmr/m/it/10 state[]property[]is[]decided
 []

[13]
Overfull \hbox (34.05345pt too wide) in paragraph at lines 267--269
[][]  \OT1/cmr/bx/n/10 hence $\OMS/cmsy/m/n/10 9 $$\OML/cmm/m/it/10 ^^[$$\OMS/c
msy/m/n/10 2$$\OT1/cmr/m/n/10 ^^F$\OT1/cmr/m/it/10 t$\OML/cmm/m/it/10 :$ $\OMS/
cmsy/m/n/10 8 $\OT1/cmr/m/it/10 p$\OMS/cmsy/m/n/10 2$$[] $$f$\OT1/cmr/m/it/10 s
tate[]property[]decisions $\OML/cmm/m/it/10 ^^[$ $\OMS/cmsy/m/n/10 j$ $\OML/cmm
/m/it/10 ^^[$$:$ $^^[$ $\OMS/cmsy/m/n/10 2$ $\OML/cmm/m/it/10 ^^[$[]\OT1/cmr/m/
it/10 set$\OMS/cmsy/m/n/10 g$$\OML/cmm/m/it/10 :$ \OT1/cmr/m/it/10 state[]prope
rty[]is[]decided
 []


Overfull \hbox (52.78787pt too wide) in paragraph at lines 271--273
[][]    \OT1/cmr/bx/n/10 ob-tain $\OML/cmm/m/it/10 ^^[$ \OT1/cmr/bx/n/10 where 
$\OML/cmm/m/it/10 ^^[$ $\OMS/cmsy/m/n/10 2$ $\OT1/cmr/m/n/10 ^^F$\OT1/cmr/m/it/
10 t $\OMS/cmsy/m/n/10 8 $\OT1/cmr/m/it/10 s$\OMS/cmsy/m/n/10 2$$\OML/cmm/m/it/
10 ^^[$[]\OT1/cmr/m/it/10 set$\OML/cmm/m/it/10 :$ $\OT1/cmr/m/n/10 ($$\OMS/cmsy
/m/n/10 8 $\OT1/cmr/m/it/10 p $\OMS/cmsy/m/n/10 2$ \OT1/cmr/m/it/10 state[]prop
erty[]decisions s$\OML/cmm/m/it/10 :$ \OT1/cmr/m/it/10 state[]property[]is[]dec
ided
 []


Overfull \hbox (10.25131pt too wide) in paragraph at lines 273--276
[][]      \OT1/cmr/bx/n/10 us-ing []$\OMS/cmsy/m/n/10 9 $$\OML/cmm/m/it/10 ^^[$
$\OMS/cmsy/m/n/10 2$$\OT1/cmr/m/n/10 ^^F$\OT1/cmr/m/it/10 t$\OML/cmm/m/it/10 :$
 $\OMS/cmsy/m/n/10 8 $\OT1/cmr/m/it/10 s$\OMS/cmsy/m/n/10 2$$\OML/cmm/m/it/10 ^
^[$[]\OT1/cmr/m/it/10 set$\OML/cmm/m/it/10 :$ $\OMS/cmsy/m/n/10 8 $\OT1/cmr/m/i
t/10 p$\OMS/cmsy/m/n/10 2$\OT1/cmr/m/it/10 state[]property[]decisions s$\OML/cm
m/m/it/10 :$ \OT1/cmr/m/it/10 state[]property[]is[]decided
 []


Overfull \hbox (2.17422pt too wide) in paragraph at lines 292--294
[][]  \OT1/cmr/bx/n/10 show \OT1/cmr/m/it/10 state[]properties[]are[]consistent
 $\OT1/cmr/m/n/10 ($$[] $$\OMS/cmsy/m/n/10 f$\OT1/cmr/m/it/10 state[]property[]
decisions $\OML/cmm/m/it/10 ^^[$ $\OMS/cmsy/m/n/10 j$$\OML/cmm/m/it/10 ^^[$$:$ 
$^^[$ $\OMS/cmsy/m/n/10 2$ $\OML/cmm/m/it/10 ^^[$[]\OT1/cmr/m/it/10 set$\OMS/cm
sy/m/n/10 g$$\OT1/cmr/m/n/10 )$[] 
 []


Overfull \hbox (1.72946pt too wide) in paragraph at lines 309--311
[][]\OT1/cmr/bx/n/10 fun $\OT1/cmr/m/n/10 ($\OT1/cmr/bx/n/10 in \OT1/cmr/m/it/1
0 Pro-to-col$\OT1/cmr/m/n/10 )$ \OT1/cmr/m/it/10 naturally[]corresponding[]stat
e[]property $\OT1/cmr/m/n/10 :$$:$ \OT1/cmr/m/it/10 consensus[]value[]property
 []


Overfull \hbox (14.82663pt too wide) in paragraph at lines 315--317
[][]\OT1/cmr/bx/n/10 fun $\OT1/cmr/m/n/10 ($\OT1/cmr/bx/n/10 in \OT1/cmr/m/it/1
0 Pro-to-col$\OT1/cmr/m/n/10 )$ \OT1/cmr/m/it/10 consensus[]value[]properties[]
are[]consistent $\OT1/cmr/m/n/10 :$$:$ \OT1/cmr/m/it/10 consensus[]value[]prope
rty
 []

[14]
Overfull \hbox (23.02252pt too wide) in paragraph at lines 405--407
[][]\OT1/cmr/bx/n/10 fun $\OT1/cmr/m/n/10 ($\OT1/cmr/bx/n/10 in \OT1/cmr/m/it/1
0 Pro-to-col$\OT1/cmr/m/n/10 )$ \OT1/cmr/m/it/10 consensus[]value[]property[]de
cisions $\OT1/cmr/m/n/10 :$$:$ \OT1/cmr/m/it/10 state $\OMS/cmsy/m/n/10 )$ \OT1
/cmr/m/it/10 consensus[]value[]property
 []


Overfull \hbox (16.72958pt too wide) in paragraph at lines 415--416
[][]  $[][]\OMS/cmsy/m/n/10 !$ \OT1/cmr/m/it/10 consensus[]value[]properties[]a
re[]consistent $\OT1/cmr/m/n/10 ($$[] $ $\OMS/cmsy/m/n/10 f$\OT1/cmr/m/it/10 co
nsensus[]value[]property[]decisions
 []

[15]
Overfull \hbox (38.37221pt too wide) in paragraph at lines 448--450
[][]  \OT1/cmr/bx/n/10 hence \OT1/cmr/m/it/10 consensus[]value[]properties[]are
[]consistent $\OMS/cmsy/m/n/10 f$\OT1/cmr/m/it/10 q$\OML/cmm/m/it/10 :$ \OT1/cm
r/m/it/10 naturally[]corresponding[]state[]property
 []


Overfull \hbox (76.76663pt too wide) in paragraph at lines 456--458
\OMS/cmsy/m/n/10 f$\OT1/cmr/m/it/10 naturally[]corresponding[]state[]property q
 $\OMS/cmsy/m/n/10 j$\OT1/cmr/m/it/10 q$\OML/cmm/m/it/10 :$ \OT1/cmr/m/it/10 q 
$\OMS/cmsy/m/n/10 2$ \OT1/cmr/m/it/10 q[]set$\OMS/cmsy/m/n/10 g$ $[][]!$ \OT1/c
mr/m/it/10 consensus[]value[]properties[]are[]consistent
 []


Overfull \hbox (29.04881pt too wide) in paragraph at lines 460--462
[][]  \OT1/cmr/bx/n/10 hence \OT1/cmr/m/it/10 consensus[]value[]properties[]are
[]consistent $\OT1/cmr/m/n/10 ($$[] $ $\OMS/cmsy/m/n/10 f$\OT1/cmr/m/it/10 cons
ensus[]value[]property[]decisions
 []


Overfull \hbox (3.17393pt too wide) in paragraph at lines 468--469
[][]    \OT1/cmr/m/it/10 consensus[]value[]properties[]are[]consistent $\OT1/cm
r/m/n/10 ($$[] $ $\OMS/cmsy/m/n/10 f$\OT1/cmr/m/it/10 consensus[]value[]propert
y[]decisions
 []

) (./LatestMessage.tex [16] [17]
Overfull \hbox (6.74617pt too wide) in paragraph at lines 303--305
[][]\OT1/cmr/bx/n/10 lemma $\OT1/cmr/m/n/10 ($\OT1/cmr/bx/n/10 in \OT1/cmr/m/it
/10 Pro-to-col$\OT1/cmr/m/n/10 )$ \OT1/cmr/m/it/10 justification[]is[]strict[]p
artial[]order[]on[]messages[]from[]validator$\OT1/cmr/m/n/10 :$[] 
 []

[18]
Overfull \hbox (21.31276pt too wide) in paragraph at lines 334--336
[][]\OT1/cmr/bx/n/10 lemma $\OT1/cmr/m/n/10 ($\OT1/cmr/bx/n/10 in \OT1/cmr/m/it
/10 Pro-to-col$\OT1/cmr/m/n/10 )$ \OT1/cmr/m/it/10 justification[]is[]total[]on
[]messages[]from[]non[]equivocating[]validator$\OT1/cmr/m/n/10 :$[] 
 []


Overfull \hbox (6.52596pt too wide) in paragraph at lines 336--337
[][]  $\OMS/cmsy/m/n/10 8 $ $\OML/cmm/m/it/10 ^^[$ $\OMS/cmsy/m/n/10 2$ $\OT1/c
mr/m/n/10 ^^F$$\OML/cmm/m/it/10 :$ $\OT1/cmr/m/n/10 ($$\OMS/cmsy/m/n/10 8 $ \OT
1/cmr/m/it/10 v $\OMS/cmsy/m/n/10 2$ \OT1/cmr/m/it/10 V$\OML/cmm/m/it/10 :$ \OT
1/cmr/m/it/10 v $[]$ equivocating[]validators $\OML/cmm/m/it/10 ^^[$ $[][]\OMS/
cmsy/m/n/10 !$ \OT1/cmr/m/it/10 total[]on jus-ti-fied $\OT1/cmr/m/n/10 ($\OT1/c
mr/m/it/10 from[]sender
 []


Overfull \hbox (71.27347pt too wide) in paragraph at lines 372--374
[][]\OT1/cmr/bx/n/10 lemma $\OT1/cmr/m/n/10 ($\OT1/cmr/bx/n/10 in \OT1/cmr/m/it
/10 Pro-to-col$\OT1/cmr/m/n/10 )$ \OT1/cmr/m/it/10 justification[]is[]strict[]w
ell[]order[]on[]messages[]from[]non[]equivocating[]validator$\OT1/cmr/m/n/10 :$
[] 
 []


Overfull \hbox (3.35449pt too wide) in paragraph at lines 399--401
[][]\OT1/cmr/bx/n/10 lemma $\OT1/cmr/m/n/10 ($\OT1/cmr/bx/n/10 in \OT1/cmr/m/it
/10 Pro-to-col$\OT1/cmr/m/n/10 )$ \OT1/cmr/m/it/10 observed[]non[]equivocating[
]validators[]have[]one[]latest[]message$\OT1/cmr/m/n/10 :$[] 
 []

[19]
Overfull \hbox (31.44884pt too wide) in paragraph at lines 476--489
[][]  \OT1/cmr/bx/n/10 by $\OT1/cmr/m/n/10 ($\OT1/cmr/m/it/10 simp add$\OT1/cmr
/m/n/10 :$ \OT1/cmr/m/it/10 latest[]messages[]type latest[]messages[]from[]non[
]equivocating[]validators[]def$\OT1/cmr/m/n/10 )$[] 
 []


Overfull \hbox (189.41557pt too wide) in paragraph at lines 504--518
[][]  \OT1/cmr/bx/n/10 us-ing \OT1/cmr/m/it/10 Pro-to-col$\OML/cmm/m/it/10 :$\O
T1/cmr/m/it/10 latest[]estimates[]type Protocol[]axioms latest[]estimates[]def 
latest[]estimates[]from[]non[]equivocating[]validators[]def
 []


Overfull \hbox (112.39676pt too wide) in paragraph at lines 521--523
[][]\OT1/cmr/bx/n/10 lemma $\OT1/cmr/m/n/10 ($\OT1/cmr/bx/n/10 in \OT1/cmr/m/it
/10 Pro-to-col$\OT1/cmr/m/n/10 )$ \OT1/cmr/m/it/10 latest[]estimates[]from[]non
[]equivocating[]validators[]from[]non[]observed[]validator[]is[]empty
 []


Overfull \hbox (46.74301pt too wide) in paragraph at lines 523--524
[][]  $\OMS/cmsy/m/n/10 8 $ $\OML/cmm/m/it/10 ^^[$ \OT1/cmr/m/it/10 v$\OML/cmm/
m/it/10 :$ $^^[$ $\OMS/cmsy/m/n/10 2$ $\OT1/cmr/m/n/10 ^^F$ $\OMS/cmsy/m/n/10 ^
$ \OT1/cmr/m/it/10 v $\OMS/cmsy/m/n/10 2$ \OT1/cmr/m/it/10 V $\OMS/cmsy/m/n/10 
^$ \OT1/cmr/m/it/10 v $[]$ ob-served $\OML/cmm/m/it/10 ^^[$ $[][]\OMS/cmsy/m/n/
10 !$ \OT1/cmr/m/it/10 latest[]estimates[]from[]non[]equivocating[]validators
 []


Overfull \hbox (167.01727pt too wide) in paragraph at lines 524--537
[][]  \OT1/cmr/bx/n/10 by $\OT1/cmr/m/n/10 ($\OT1/cmr/m/it/10 simp add$\OT1/cmr
/m/n/10 :$ \OT1/cmr/m/it/10 latest[]estimates[]from[]non[]equivocating[]validat
ors[]def latest[]messages[]from[]non[]equivocating[]validators[]def
 []

[20]))
Package atveryend Info: Empty hook `BeforeClearDocument' on input line 54.
 [21]
Package atveryend Info: Empty hook `AfterLastShipout' on input line 54.
 (./root.aux)
Package atveryend Info: Executing hook `AtVeryEndDocument' on input line 54.
Package atveryend Info: Executing hook `AtEndAfterFileList' on input line 54.
Package rerunfilecheck Info: File `root.out' has not changed.
(rerunfilecheck)             Checksum: 1619687C914F7324A8E23AE4297B2D25;156.
Package atveryend Info: Empty hook `AtVeryVeryEnd' on input line 54.
 ) 
Here is how much of TeX's memory you used:
 5499 strings out of 494587
 79401 string characters out of 6177759
 169349 words of memory out of 5000000
 9079 multiletter control sequences out of 15000+600000
 8648 words of font info for 31 fonts, out of 8000000 for 9000
 14 hyphenation exceptions out of 8191
 34i,8n,28p,1545b,415s stack positions out of 5000i,500n,10000p,200000b,80000s
</usr/share/texlive/texmf-dist/fonts/type1/public/amsfonts/cm/cmbx10.pfb></us
r/share/texlive/texmf-dist/fonts/type1/public/amsfonts/cm/cmbx12.pfb></usr/shar
e/texlive/texmf-dist/fonts/type1/public/amsfonts/cm/cmex10.pfb></usr/share/texl
ive/texmf-dist/fonts/type1/public/amsfonts/cm/cmmi10.pfb></usr/share/texlive/te
xmf-dist/fonts/type1/public/amsfonts/cm/cmr10.pfb></usr/share/texlive/texmf-dis
t/fonts/type1/public/amsfonts/cm/cmr12.pfb></usr/share/texlive/texmf-dist/fonts
/type1/public/amsfonts/cm/cmr17.pfb></usr/share/texlive/texmf-dist/fonts/type1/
public/amsfonts/cm/cmsy10.pfb></usr/share/texlive/texmf-dist/fonts/type1/public
/amsfonts/cm/cmsy5.pfb></usr/share/texlive/texmf-dist/fonts/type1/public/amsfon
ts/cm/cmsy7.pfb></usr/share/texlive/texmf-dist/fonts/type1/public/amsfonts/cm/c
mti10.pfb>
Output written on root.pdf (21 pages, 161831 bytes).
PDF statistics:
 164 PDF objects out of 1000 (max. 8388607)
 128 compressed objects within 2 object streams
 26 named destinations out of 1000 (max. 500000)
 25 words of extra memory for PDF output out of 10000 (max. 10000000)

